[2023-06-15 10:56:28] testing.ERROR: No application encryption key has been specified. {"exception":"[object] (Illuminate\\Encryption\\MissingAppKeyException(code: 0): No application encryption key has been specified. at C:\\project5\\API\\SummaMoveAPI\\vendor\\laravel\\framework\\src\\Illuminate\\Encryption\\EncryptionServiceProvider.php:79)
[stacktrace]
#0 C:\\project5\\API\\SummaMoveAPI\\vendor\\laravel\\framework\\src\\Illuminate\\Support\\helpers.php(307): Illuminate\\Encryption\\EncryptionServiceProvider->Illuminate\\Encryption\\{closure}(NULL)
#1 C:\\project5\\API\\SummaMoveAPI\\vendor\\laravel\\framework\\src\\Illuminate\\Encryption\\EncryptionServiceProvider.php(81): tap(NULL, Object(Closure))
#2 C:\\project5\\API\\SummaMoveAPI\\vendor\\laravel\\framework\\src\\Illuminate\\Encryption\\EncryptionServiceProvider.php(60): Illuminate\\Encryption\\EncryptionServiceProvider->key(Array)
#3 C:\\project5\\API\\SummaMoveAPI\\vendor\\laravel\\framework\\src\\Illuminate\\Encryption\\EncryptionServiceProvider.php(32): Illuminate\\Encryption\\EncryptionServiceProvider->parseKey(Array)
#4 C:\\project5\\API\\SummaMoveAPI\\vendor\\laravel\\framework\\src\\Illuminate\\Container\\Container.php(910): Illuminate\\Encryption\\EncryptionServiceProvider->Illuminate\\Encryption\\{closure}(Object(Illuminate\\Foundation\\Application), Array)
#5 C:\\project5\\API\\SummaMoveAPI\\vendor\\laravel\\framework\\src\\Illuminate\\Container\\Container.php(795): Illuminate\\Container\\Container->build(Object(Closure))
#6 C:\\project5\\API\\SummaMoveAPI\\vendor\\laravel\\framework\\src\\Illuminate\\Foundation\\Application.php(933): Illuminate\\Container\\Container->resolve('encrypter', Array, true)
#7 C:\\project5\\API\\SummaMoveAPI\\vendor\\laravel\\framework\\src\\Illuminate\\Container\\Container.php(731): Illuminate\\Foundation\\Application->resolve('encrypter', Array)
#8 C:\\project5\\API\\SummaMoveAPI\\vendor\\laravel\\framework\\src\\Illuminate\\Foundation\\Application.php(918): Illuminate\\Container\\Container->make('encrypter', Array)
#9 C:\\project5\\API\\SummaMoveAPI\\vendor\\laravel\\framework\\src\\Illuminate\\Container\\Container.php(1068): Illuminate\\Foundation\\Application->make('encrypter')
#10 C:\\project5\\API\\SummaMoveAPI\\vendor\\laravel\\framework\\src\\Illuminate\\Container\\Container.php(984): Illuminate\\Container\\Container->resolveClass(Object(ReflectionParameter))
#11 C:\\project5\\API\\SummaMoveAPI\\vendor\\laravel\\framework\\src\\Illuminate\\Container\\Container.php(945): Illuminate\\Container\\Container->resolveDependencies(Array)
#12 C:\\project5\\API\\SummaMoveAPI\\vendor\\laravel\\framework\\src\\Illuminate\\Container\\Container.php(795): Illuminate\\Container\\Container->build('App\\\\Http\\\\Middle...')
#13 C:\\project5\\API\\SummaMoveAPI\\vendor\\laravel\\framework\\src\\Illuminate\\Foundation\\Application.php(933): Illuminate\\Container\\Container->resolve('App\\\\Http\\\\Middle...', Array, true)
#14 C:\\project5\\API\\SummaMoveAPI\\vendor\\laravel\\framework\\src\\Illuminate\\Container\\Container.php(731): Illuminate\\Foundation\\Application->resolve('App\\\\Http\\\\Middle...', Array)
#15 C:\\project5\\API\\SummaMoveAPI\\vendor\\laravel\\framework\\src\\Illuminate\\Foundation\\Application.php(918): Illuminate\\Container\\Container->make('App\\\\Http\\\\Middle...', Array)
#16 C:\\project5\\API\\SummaMoveAPI\\vendor\\laravel\\framework\\src\\Illuminate\\Pipeline\\Pipeline.php(169): Illuminate\\Foundation\\Application->make('App\\\\Http\\\\Middle...')
#17 C:\\project5\\API\\SummaMoveAPI\\vendor\\laravel\\framework\\src\\Illuminate\\Pipeline\\Pipeline.php(116): Illuminate\\Pipeline\\Pipeline->Illuminate\\Pipeline\\{closure}(Object(Illuminate\\Http\\Request))
#18 C:\\project5\\API\\SummaMoveAPI\\vendor\\laravel\\framework\\src\\Illuminate\\Routing\\Router.php(800): Illuminate\\Pipeline\\Pipeline->then(Object(Closure))
#19 C:\\project5\\API\\SummaMoveAPI\\vendor\\laravel\\framework\\src\\Illuminate\\Routing\\Router.php(777): Illuminate\\Routing\\Router->runRouteWithinStack(Object(Illuminate\\Routing\\Route), Object(Illuminate\\Http\\Request))
#20 C:\\project5\\API\\SummaMoveAPI\\vendor\\laravel\\framework\\src\\Illuminate\\Routing\\Router.php(741): Illuminate\\Routing\\Router->runRoute(Object(Illuminate\\Http\\Request), Object(Illuminate\\Routing\\Route))
#21 C:\\project5\\API\\SummaMoveAPI\\vendor\\laravel\\framework\\src\\Illuminate\\Routing\\Router.php(730): Illuminate\\Routing\\Router->dispatchToRoute(Object(Illuminate\\Http\\Request))
#22 C:\\project5\\API\\SummaMoveAPI\\vendor\\laravel\\framework\\src\\Illuminate\\Foundation\\Http\\Kernel.php(200): Illuminate\\Routing\\Router->dispatch(Object(Illuminate\\Http\\Request))
#23 C:\\project5\\API\\SummaMoveAPI\\vendor\\laravel\\framework\\src\\Illuminate\\Pipeline\\Pipeline.php(141): Illuminate\\Foundation\\Http\\Kernel->Illuminate\\Foundation\\Http\\{closure}(Object(Illuminate\\Http\\Request))
#24 C:\\project5\\API\\SummaMoveAPI\\vendor\\laravel\\framework\\src\\Illuminate\\Foundation\\Http\\Middleware\\TransformsRequest.php(21): Illuminate\\Pipeline\\Pipeline->Illuminate\\Pipeline\\{closure}(Object(Illuminate\\Http\\Request))
#25 C:\\project5\\API\\SummaMoveAPI\\vendor\\laravel\\framework\\src\\Illuminate\\Foundation\\Http\\Middleware\\ConvertEmptyStringsToNull.php(31): Illuminate\\Foundation\\Http\\Middleware\\TransformsRequest->handle(Object(Illuminate\\Http\\Request), Object(Closure))
#26 C:\\project5\\API\\SummaMoveAPI\\vendor\\laravel\\framework\\src\\Illuminate\\Pipeline\\Pipeline.php(180): Illuminate\\Foundation\\Http\\Middleware\\ConvertEmptyStringsToNull->handle(Object(Illuminate\\Http\\Request), Object(Closure))
#27 C:\\project5\\API\\SummaMoveAPI\\vendor\\laravel\\framework\\src\\Illuminate\\Foundation\\Http\\Middleware\\TransformsRequest.php(21): Illuminate\\Pipeline\\Pipeline->Illuminate\\Pipeline\\{closure}(Object(Illuminate\\Http\\Request))
#28 C:\\project5\\API\\SummaMoveAPI\\vendor\\laravel\\framework\\src\\Illuminate\\Foundation\\Http\\Middleware\\TrimStrings.php(40): Illuminate\\Foundation\\Http\\Middleware\\TransformsRequest->handle(Object(Illuminate\\Http\\Request), Object(Closure))
#29 C:\\project5\\API\\SummaMoveAPI\\vendor\\laravel\\framework\\src\\Illuminate\\Pipeline\\Pipeline.php(180): Illuminate\\Foundation\\Http\\Middleware\\TrimStrings->handle(Object(Illuminate\\Http\\Request), Object(Closure))
#30 C:\\project5\\API\\SummaMoveAPI\\vendor\\laravel\\framework\\src\\Illuminate\\Foundation\\Http\\Middleware\\ValidatePostSize.php(27): Illuminate\\Pipeline\\Pipeline->Illuminate\\Pipeline\\{closure}(Object(Illuminate\\Http\\Request))
#31 C:\\project5\\API\\SummaMoveAPI\\vendor\\laravel\\framework\\src\\Illuminate\\Pipeline\\Pipeline.php(180): Illuminate\\Foundation\\Http\\Middleware\\ValidatePostSize->handle(Object(Illuminate\\Http\\Request), Object(Closure))
#32 C:\\project5\\API\\SummaMoveAPI\\vendor\\laravel\\framework\\src\\Illuminate\\Foundation\\Http\\Middleware\\PreventRequestsDuringMaintenance.php(86): Illuminate\\Pipeline\\Pipeline->Illuminate\\Pipeline\\{closure}(Object(Illuminate\\Http\\Request))
#33 C:\\project5\\API\\SummaMoveAPI\\vendor\\laravel\\framework\\src\\Illuminate\\Pipeline\\Pipeline.php(180): Illuminate\\Foundation\\Http\\Middleware\\PreventRequestsDuringMaintenance->handle(Object(Illuminate\\Http\\Request), Object(Closure))
#34 C:\\project5\\API\\SummaMoveAPI\\vendor\\laravel\\framework\\src\\Illuminate\\Http\\Middleware\\HandleCors.php(62): Illuminate\\Pipeline\\Pipeline->Illuminate\\Pipeline\\{closure}(Object(Illuminate\\Http\\Request))
#35 C:\\project5\\API\\SummaMoveAPI\\vendor\\laravel\\framework\\src\\Illuminate\\Pipeline\\Pipeline.php(180): Illuminate\\Http\\Middleware\\HandleCors->handle(Object(Illuminate\\Http\\Request), Object(Closure))
#36 C:\\project5\\API\\SummaMoveAPI\\vendor\\laravel\\framework\\src\\Illuminate\\Http\\Middleware\\TrustProxies.php(39): Illuminate\\Pipeline\\Pipeline->Illuminate\\Pipeline\\{closure}(Object(Illuminate\\Http\\Request))
#37 C:\\project5\\API\\SummaMoveAPI\\vendor\\laravel\\framework\\src\\Illuminate\\Pipeline\\Pipeline.php(180): Illuminate\\Http\\Middleware\\TrustProxies->handle(Object(Illuminate\\Http\\Request), Object(Closure))
#38 C:\\project5\\API\\SummaMoveAPI\\vendor\\laravel\\framework\\src\\Illuminate\\Pipeline\\Pipeline.php(116): Illuminate\\Pipeline\\Pipeline->Illuminate\\Pipeline\\{closure}(Object(Illuminate\\Http\\Request))
#39 C:\\project5\\API\\SummaMoveAPI\\vendor\\laravel\\framework\\src\\Illuminate\\Foundation\\Http\\Kernel.php(175): Illuminate\\Pipeline\\Pipeline->then(Object(Closure))
#40 C:\\project5\\API\\SummaMoveAPI\\vendor\\laravel\\framework\\src\\Illuminate\\Foundation\\Http\\Kernel.php(144): Illuminate\\Foundation\\Http\\Kernel->sendRequestThroughRouter(Object(Illuminate\\Http\\Request))
#41 C:\\project5\\API\\SummaMoveAPI\\vendor\\laravel\\framework\\src\\Illuminate\\Foundation\\Testing\\Concerns\\MakesHttpRequests.php(564): Illuminate\\Foundation\\Http\\Kernel->handle(Object(Illuminate\\Http\\Request))
#42 C:\\project5\\API\\SummaMoveAPI\\vendor\\laravel\\framework\\src\\Illuminate\\Foundation\\Testing\\Concerns\\MakesHttpRequests.php(324): Illuminate\\Foundation\\Testing\\TestCase->call('GET', '/', Array, Array, Array, Array)
#43 C:\\project5\\API\\SummaMoveAPI\\tests\\Feature\\ExampleTest.php(15): Illuminate\\Foundation\\Testing\\TestCase->get('/')
#44 C:\\project5\\API\\SummaMoveAPI\\vendor\\phpunit\\phpunit\\src\\Framework\\TestCase.php(1065): Tests\\Feature\\ExampleTest->test_the_application_returns_a_successful_response()
#45 C:\\project5\\API\\SummaMoveAPI\\vendor\\laravel\\framework\\src\\Illuminate\\Foundation\\Testing\\TestCase.php(174): PHPUnit\\Framework\\TestCase->runTest()
#46 C:\\project5\\API\\SummaMoveAPI\\vendor\\phpunit\\phpunit\\src\\Framework\\TestCase.php(632): Illuminate\\Foundation\\Testing\\TestCase->runTest()
#47 C:\\project5\\API\\SummaMoveAPI\\vendor\\phpunit\\phpunit\\src\\Framework\\TestRunner.php(101): PHPUnit\\Framework\\TestCase->runBare()
#48 C:\\project5\\API\\SummaMoveAPI\\vendor\\phpunit\\phpunit\\src\\Framework\\TestCase.php(468): PHPUnit\\Framework\\TestRunner->run(Object(Tests\\Feature\\ExampleTest))
#49 C:\\project5\\API\\SummaMoveAPI\\vendor\\phpunit\\phpunit\\src\\Framework\\TestSuite.php(340): PHPUnit\\Framework\\TestCase->run()
#50 C:\\project5\\API\\SummaMoveAPI\\vendor\\phpunit\\phpunit\\src\\Framework\\TestSuite.php(340): PHPUnit\\Framework\\TestSuite->run()
#51 C:\\project5\\API\\SummaMoveAPI\\vendor\\phpunit\\phpunit\\src\\Framework\\TestSuite.php(340): PHPUnit\\Framework\\TestSuite->run()
#52 C:\\project5\\API\\SummaMoveAPI\\vendor\\phpunit\\phpunit\\src\\TextUI\\TestRunner.php(63): PHPUnit\\Framework\\TestSuite->run()
#53 C:\\project5\\API\\SummaMoveAPI\\vendor\\phpunit\\phpunit\\src\\TextUI\\Application.php(169): PHPUnit\\TextUI\\TestRunner->run(Object(PHPUnit\\TextUI\\Configuration\\Configuration), Object(PHPUnit\\Runner\\ResultCache\\DefaultResultCache), Object(PHPUnit\\Framework\\TestSuite))
#54 C:\\project5\\API\\SummaMoveAPI\\vendor\\phpunit\\phpunit\\phpunit(99): PHPUnit\\TextUI\\Application->run(Array)
#55 {main}
"} 
